#! /usr/bin/vvp
:ivl_version "11.0 (stable)";
:ivl_delay_selection "TYPICAL";
:vpi_time_precision + 0;
:vpi_module "/usr/lib/x86_64-linux-gnu/ivl/system.vpi";
:vpi_module "/usr/lib/x86_64-linux-gnu/ivl/vhdl_sys.vpi";
:vpi_module "/usr/lib/x86_64-linux-gnu/ivl/vhdl_textio.vpi";
:vpi_module "/usr/lib/x86_64-linux-gnu/ivl/v2005_math.vpi";
:vpi_module "/usr/lib/x86_64-linux-gnu/ivl/va_math.vpi";
S_0x5594533d4ff0 .scope module, "aligner" "aligner" 2 1;
 .timescale 0 0;
    .port_info 0 /INPUT 8 "e_1";
    .port_info 1 /INPUT 8 "e_2";
    .port_info 2 /INPUT 1 "op";
    .port_info 3 /INPUT 1 "sign_1";
    .port_info 4 /INPUT 1 "sign_2";
    .port_info 5 /INPUT 23 "m_1";
    .port_info 6 /INPUT 23 "m_2";
    .port_info 7 /OUTPUT 8 "e";
    .port_info 8 /OUTPUT 8 "diff";
    .port_info 9 /OUTPUT 1 "sign";
    .port_info 10 /OUTPUT 1 "new_sign_2";
    .port_info 11 /OUTPUT 26 "aligned_guarded_m_2";
    .port_info 12 /OUTPUT 26 "aligned_guarded_m_1";
o0x7f865917f408 .functor BUFZ 1, C4<z>; HiZ drive
o0x7f865917f4c8 .functor BUFZ 1, C4<z>; HiZ drive
L_0x5594533e3d10 .functor XOR 1, o0x7f865917f408, o0x7f865917f4c8, C4<0>, C4<0>;
L_0x7f8659136018 .functor BUFT 1, C4<0000000000000000000000000000000000000000000000000000000000000000000000000000000000000000000000000000000000000000000000000000000000000000000000000000000000000000000000000000000000000000000000000000000000000000000000000000000000000000000000000000000000000>, C4<0>, C4<0>, C4<0>;
v0x5594533cfed0_0 .net/2u *"_ivl_10", 252 0, L_0x7f8659136018;  1 drivers
v0x5594533fb600_0 .net *"_ivl_12", 275 0, L_0x55945340d410;  1 drivers
v0x5594533fb6e0_0 .net *"_ivl_24", 22 0, L_0x55945340da80;  1 drivers
L_0x7f8659136060 .functor BUFT 1, C4<000>, C4<0>, C4<0>, C4<0>;
v0x5594533fb7a0_0 .net/2u *"_ivl_26", 2 0, L_0x7f8659136060;  1 drivers
v0x5594533fb880_0 .net *"_ivl_31", 24 0, L_0x55945340dd70;  1 drivers
v0x5594533fb9b0_0 .net *"_ivl_33", 250 0, L_0x55945340de60;  1 drivers
v0x5594533fba90_0 .net *"_ivl_35", 0 0, L_0x55945340df80;  1 drivers
v0x5594533fbb50_0 .net *"_ivl_8", 22 0, L_0x5594533fd1a0;  1 drivers
v0x5594533fbc30_0 .net "adjusted_sign_2", 0 0, L_0x5594533e3d10;  1 drivers
v0x5594533fbcf0_0 .net "aligned_guarded_m_1", 25 0, L_0x55945340dbc0;  1 drivers
v0x5594533fbdd0_0 .net "aligned_guarded_m_2", 25 0, L_0x55945340e070;  1 drivers
v0x5594533fbeb0_0 .net "aligned_m2", 275 0, L_0x55945340d580;  1 drivers
v0x5594533fbf90_0 .net "diff", 7 0, L_0x55945340d6b0;  1 drivers
v0x5594533fc070_0 .net "e", 7 0, L_0x55945340d7f0;  1 drivers
v0x5594533fc150_0 .net "e1_e2", 7 0, L_0x5594533fce50;  1 drivers
v0x5594533fc230_0 .net "e2_e1", 7 0, L_0x5594533fcf90;  1 drivers
o0x7f865917f318 .functor BUFZ 8, C4<zzzzzzzz>; HiZ drive
v0x5594533fc310_0 .net "e_1", 7 0, o0x7f865917f318;  0 drivers
o0x7f865917f348 .functor BUFZ 8, C4<zzzzzzzz>; HiZ drive
v0x5594533fc500_0 .net "e_2", 7 0, o0x7f865917f348;  0 drivers
o0x7f865917f378 .functor BUFZ 23, C4<zzzzzzzzzzzzzzzzzzzzzzz>; HiZ drive
v0x5594533fc5e0_0 .net "m_1", 22 0, o0x7f865917f378;  0 drivers
o0x7f865917f3a8 .functor BUFZ 23, C4<zzzzzzzzzzzzzzzzzzzzzzz>; HiZ drive
v0x5594533fc6c0_0 .net "m_2", 22 0, o0x7f865917f3a8;  0 drivers
v0x5594533fc7a0_0 .net "new_sign_2", 0 0, L_0x55945340d980;  1 drivers
v0x5594533fc860_0 .net "op", 0 0, o0x7f865917f408;  0 drivers
v0x5594533fc920_0 .net "sel", 0 0, L_0x5594533fd0b0;  1 drivers
v0x5594533fc9e0_0 .net "sign", 0 0, L_0x55945340d8e0;  1 drivers
o0x7f865917f498 .functor BUFZ 1, C4<z>; HiZ drive
v0x5594533fcaa0_0 .net "sign_1", 0 0, o0x7f865917f498;  0 drivers
v0x5594533fcb60_0 .net "sign_2", 0 0, o0x7f865917f4c8;  0 drivers
L_0x5594533fce50 .arith/sub 8, o0x7f865917f318, o0x7f865917f348;
L_0x5594533fcf90 .arith/sub 8, o0x7f865917f348, o0x7f865917f318;
L_0x5594533fd0b0 .part L_0x5594533fce50, 7, 1;
L_0x5594533fd1a0 .functor MUXZ 23, o0x7f865917f3a8, o0x7f865917f378, L_0x5594533fd0b0, C4<>;
L_0x55945340d410 .concat [ 253 23 0 0], L_0x7f8659136018, L_0x5594533fd1a0;
L_0x55945340d580 .shift/r 276, L_0x55945340d410, L_0x55945340d6b0;
L_0x55945340d6b0 .functor MUXZ 8, L_0x5594533fce50, L_0x5594533fcf90, L_0x5594533fd0b0, C4<>;
L_0x55945340d7f0 .functor MUXZ 8, o0x7f865917f318, o0x7f865917f348, L_0x5594533fd0b0, C4<>;
L_0x55945340d8e0 .functor MUXZ 1, L_0x5594533e3d10, o0x7f865917f498, L_0x5594533fd0b0, C4<>;
L_0x55945340d980 .functor MUXZ 1, L_0x5594533e3d10, o0x7f865917f498, L_0x5594533fd0b0, C4<>;
L_0x55945340da80 .functor MUXZ 23, o0x7f865917f378, o0x7f865917f3a8, L_0x5594533fd0b0, C4<>;
L_0x55945340dbc0 .concat [ 3 23 0 0], L_0x7f8659136060, L_0x55945340da80;
L_0x55945340dd70 .part L_0x55945340d580, 251, 25;
L_0x55945340de60 .part L_0x55945340d580, 0, 251;
L_0x55945340df80 .reduce/or L_0x55945340de60;
L_0x55945340e070 .concat [ 1 25 0 0], L_0x55945340df80, L_0x55945340dd70;
# The file index is used to find the file name in the following table.
:file_names 3;
    "N/A";
    "<interactive>";
    "aligner.v";
